<?xml version="1.0" encoding="UTF-8"?>
<testsuite xmlns:xsi="http://www.w3.org/2001/XMLSchema-instance" xsi:noNamespaceSchemaLocation="https://maven.apache.org/surefire/maven-surefire-plugin/xsd/surefire-test-report.xsd" version="3.0.2" name="com.devsecops.NumericApplicationTests" time="27.948" tests="4" errors="0" skipped="0" failures="0">
  <properties>
[...]
</properties>
  <testcase name="welcomeMessage" classname="com.devsecops.NumericApplicationTests" time="1.166">
    <system-out><![CDATA[16:18:42.610 [main] INFO org.springframework.test.context.support.AnnotationConfigContextLoaderUtils -- Could not detect default configuration classes for test class [com.devsecops.NumericApplicationTests]: NumericApplicationTests does not declare any static, non-private, non-final, nested classes annotated with @Configuration.
16:18:44.013 [main] INFO org.springframework.boot.test.context.SpringBootTestContextBootstrapper -- Found @SpringBootConfiguration com.devsecops.NumericApplication for test class com.devsecops.NumericApplicationTests

  .   ____          _            __ _ _
 /\\ / ___'_ __ _ _(_)_ __  __ _ \ \ \ \
( ( )\___ | '_ | '_| | '_ \/ _` | \ \ \ \
 \\/  ___)| |_)| | | | | || (_| |  ) ) ) )
  '  |____| .__|_| |_|_| |_\__, | / / / /
 =========|_|==============|___/=/_/_/_/

 :: Spring Boot ::                (v3.4.4)

2025-03-26T16:18:47.636+03:00  INFO 429144 --- [           main] com.devsecops.NumericApplicationTests    : Starting NumericApplicationTests using Java 17.0.14 with PID 429144 (started by suhail in /home/suhail/Documents/GitHub/DevSecOps)
2025-03-26T16:18:47.645+03:00  INFO 429144 --- [           main] com.devsecops.NumericApplicationTests    : No active profile set, falling back to 1 default profile: "default"
2025-03-26T16:19:03.283+03:00  INFO 429144 --- [           main] o.s.b.t.m.w.SpringBootMockServletContext : Initializing Spring TestDispatcherServlet ''
2025-03-26T16:19:03.286+03:00  INFO 429144 --- [           main] o.s.t.web.servlet.TestDispatcherServlet  : Initializing Servlet ''
2025-03-26T16:19:03.308+03:00  INFO 429144 --- [           main] o.s.t.web.servlet.TestDispatcherServlet  : Completed initialization in 9 ms
2025-03-26T16:19:04.755+03:00  INFO 429144 --- [           main] com.devsecops.NumericApplicationTests    : Started NumericApplicationTests in 19.959 seconds (process running for 27.985)

MockHttpServletRequest:
      HTTP Method = GET
      Request URI = /
       Parameters = {}
          Headers = []
             Body = null
    Session Attrs = {}

Handler:
             Type = com.devsecops.NumericController
           Method = com.devsecops.NumericController#welcome()

Async:
    Async started = false
     Async result = null

Resolved Exception:
             Type = null

ModelAndView:
        View name = null
             View = null
            Model = null

FlashMap:
       Attributes = null

MockHttpServletResponse:
           Status = 200
    Error message = null
          Headers = [Content-Type:"text/plain;charset=UTF-8", Content-Length:"20"]
     Content type = text/plain;charset=UTF-8
             Body = Kubernetes DevSecOps
    Forwarded URL = null
   Redirected URL = null
          Cookies = []
]]></system-out>
  </testcase>
  <testcase name="smallerThanOrEqualToFiftyMessage" classname="com.devsecops.NumericApplicationTests" time="0.268">
    <system-out><![CDATA[
MockHttpServletRequest:
      HTTP Method = GET
      Request URI = /compare/50
       Parameters = {}
          Headers = []
             Body = null
    Session Attrs = {}

Handler:
             Type = com.devsecops.NumericController
           Method = com.devsecops.NumericController#compareToFifty(int)

Async:
    Async started = false
     Async result = null

Resolved Exception:
             Type = null

ModelAndView:
        View name = null
             View = null
            Model = null

FlashMap:
       Attributes = null

MockHttpServletResponse:
           Status = 200
    Error message = null
          Headers = [Content-Type:"text/plain;charset=UTF-8", Content-Length:"27"]
     Content type = text/plain;charset=UTF-8
             Body = Smaller than or equal to 50
    Forwarded URL = null
   Redirected URL = null
          Cookies = []
]]></system-out>
  </testcase>
  <testcase name="greaterThanFiftyMessage" classname="com.devsecops.NumericApplicationTests" time="0.101">
    <system-out><![CDATA[
MockHttpServletRequest:
      HTTP Method = GET
      Request URI = /compare/51
       Parameters = {}
          Headers = []
             Body = null
    Session Attrs = {}

Handler:
             Type = com.devsecops.NumericController
           Method = com.devsecops.NumericController#compareToFifty(int)

Async:
    Async started = false
     Async result = null

Resolved Exception:
             Type = null

ModelAndView:
        View name = null
             View = null
            Model = null

FlashMap:
       Attributes = null

MockHttpServletResponse:
           Status = 200
    Error message = null
          Headers = [Content-Type:"text/plain;charset=UTF-8", Content-Length:"15"]
     Content type = text/plain;charset=UTF-8
             Body = Greater than 50
    Forwarded URL = null
   Redirected URL = null
          Cookies = []
]]></system-out>
  </testcase>
  <testcase name="incrementValue" classname="com.devsecops.NumericApplicationTests" time="2.455">
    <system-out><![CDATA[2025-03-26T16:19:08.649+03:00  INFO 429144 --- [           main] com.devsecops.NumericController          : Value Received in Request - 50
2025-03-26T16:19:08.670+03:00  INFO 429144 --- [           main] com.devsecops.NumericController          : Node Service Response - 51

MockHttpServletRequest:
      HTTP Method = GET
      Request URI = /increment/50
       Parameters = {}
          Headers = []
             Body = null
    Session Attrs = {}

Handler:
             Type = com.devsecops.NumericController
           Method = com.devsecops.NumericController#increment(int)

Async:
    Async started = false
     Async result = null

Resolved Exception:
             Type = null

ModelAndView:
        View name = null
             View = null
            Model = null

FlashMap:
       Attributes = null

MockHttpServletResponse:
           Status = 200
    Error message = null
          Headers = [Content-Type:"application/json"]
     Content type = application/json
             Body = 51
    Forwarded URL = null
   Redirected URL = null
          Cookies = []
]]></system-out>
  </testcase>
</testsuite>